[E 240615 19:02:15 views:795] API request failed: Reverse for 'detailed_comparison' with arguments '('', 'SANGHVIMOV')' not found. 1 pattern(s) tried: ['stock\\-comparison/detailed_comparison/(?P<token>[^/]+)/(?P<stock_name>[^/]+)/\\Z']
    Traceback (most recent call last):
      File "/Users/arshil.khan/Desktop/stock_comparison_project/stock_comparison_app/views.py", line 792, in generate_excel_completeness
        return render(request, 'completeness_result.html', {'comparison_data': comparison_data, 'comparison_type':comparison_type})
      File "/Users/arshil.khan/Desktop/Main/venv/lib/python3.8/site-packages/django/shortcuts.py", line 24, in render
        content = loader.render_to_string(template_name, context, request, using=using)
      File "/Users/arshil.khan/Desktop/Main/venv/lib/python3.8/site-packages/django/template/loader.py", line 62, in render_to_string
        return template.render(context, request)
      File "/Users/arshil.khan/Desktop/Main/venv/lib/python3.8/site-packages/django/template/backends/django.py", line 61, in render
        return self.template.render(context)
      File "/Users/arshil.khan/Desktop/Main/venv/lib/python3.8/site-packages/django/template/base.py", line 175, in render
        return self._render(context)
      File "/Users/arshil.khan/Desktop/Main/venv/lib/python3.8/site-packages/django/template/base.py", line 167, in _render
        return self.nodelist.render(context)
      File "/Users/arshil.khan/Desktop/Main/venv/lib/python3.8/site-packages/django/template/base.py", line 1005, in render
        return SafeString("".join([node.render_annotated(context) for node in self]))
      File "/Users/arshil.khan/Desktop/Main/venv/lib/python3.8/site-packages/django/template/base.py", line 1005, in <listcomp>
        return SafeString("".join([node.render_annotated(context) for node in self]))
      File "/Users/arshil.khan/Desktop/Main/venv/lib/python3.8/site-packages/django/template/base.py", line 966, in render_annotated
        return self.render(context)
      File "/Users/arshil.khan/Desktop/Main/venv/lib/python3.8/site-packages/django/template/defaulttags.py", line 238, in render
        nodelist.append(node.render_annotated(context))
      File "/Users/arshil.khan/Desktop/Main/venv/lib/python3.8/site-packages/django/template/base.py", line 966, in render_annotated
        return self.render(context)
      File "/Users/arshil.khan/Desktop/Main/venv/lib/python3.8/site-packages/django/template/defaulttags.py", line 471, in render
        url = reverse(view_name, args=args, kwargs=kwargs, current_app=current_app)
      File "/Users/arshil.khan/Desktop/Main/venv/lib/python3.8/site-packages/django/urls/base.py", line 88, in reverse
        return resolver._reverse_with_prefix(view, prefix, *args, **kwargs)
      File "/Users/arshil.khan/Desktop/Main/venv/lib/python3.8/site-packages/django/urls/resolvers.py", line 828, in _reverse_with_prefix
        raise NoReverseMatch(msg)
    django.urls.exceptions.NoReverseMatch: Reverse for 'detailed_comparison' with arguments '('', 'SANGHVIMOV')' not found. 1 pattern(s) tried: ['stock\\-comparison/detailed_comparison/(?P<token>[^/]+)/(?P<stock_name>[^/]+)/\\Z']
[E 240615 19:04:02 views:795] API request failed: Reverse for 'detailed_comparison' with arguments '('', 'SANGHVIMOV')' not found. 1 pattern(s) tried: ['stock\\-comparison/detailed_comparison/(?P<token>[^/]+)/(?P<stock_name>[^/]+)/\\Z']
    Traceback (most recent call last):
      File "/Users/arshil.khan/Desktop/stock_comparison_project/stock_comparison_app/views.py", line 792, in generate_excel_completeness
        return render(request, 'completeness_result.html', {'comparison_data': comparison_data, 'comparison_type':comparison_type})
      File "/Users/arshil.khan/Desktop/Main/venv/lib/python3.8/site-packages/django/shortcuts.py", line 24, in render
        content = loader.render_to_string(template_name, context, request, using=using)
      File "/Users/arshil.khan/Desktop/Main/venv/lib/python3.8/site-packages/django/template/loader.py", line 62, in render_to_string
        return template.render(context, request)
      File "/Users/arshil.khan/Desktop/Main/venv/lib/python3.8/site-packages/django/template/backends/django.py", line 61, in render
        return self.template.render(context)
      File "/Users/arshil.khan/Desktop/Main/venv/lib/python3.8/site-packages/django/template/base.py", line 175, in render
        return self._render(context)
      File "/Users/arshil.khan/Desktop/Main/venv/lib/python3.8/site-packages/django/template/base.py", line 167, in _render
        return self.nodelist.render(context)
      File "/Users/arshil.khan/Desktop/Main/venv/lib/python3.8/site-packages/django/template/base.py", line 1005, in render
        return SafeString("".join([node.render_annotated(context) for node in self]))
      File "/Users/arshil.khan/Desktop/Main/venv/lib/python3.8/site-packages/django/template/base.py", line 1005, in <listcomp>
        return SafeString("".join([node.render_annotated(context) for node in self]))
      File "/Users/arshil.khan/Desktop/Main/venv/lib/python3.8/site-packages/django/template/base.py", line 966, in render_annotated
        return self.render(context)
      File "/Users/arshil.khan/Desktop/Main/venv/lib/python3.8/site-packages/django/template/defaulttags.py", line 238, in render
        nodelist.append(node.render_annotated(context))
      File "/Users/arshil.khan/Desktop/Main/venv/lib/python3.8/site-packages/django/template/base.py", line 966, in render_annotated
        return self.render(context)
      File "/Users/arshil.khan/Desktop/Main/venv/lib/python3.8/site-packages/django/template/defaulttags.py", line 471, in render
        url = reverse(view_name, args=args, kwargs=kwargs, current_app=current_app)
      File "/Users/arshil.khan/Desktop/Main/venv/lib/python3.8/site-packages/django/urls/base.py", line 88, in reverse
        return resolver._reverse_with_prefix(view, prefix, *args, **kwargs)
      File "/Users/arshil.khan/Desktop/Main/venv/lib/python3.8/site-packages/django/urls/resolvers.py", line 828, in _reverse_with_prefix
        raise NoReverseMatch(msg)
    django.urls.exceptions.NoReverseMatch: Reverse for 'detailed_comparison' with arguments '('', 'SANGHVIMOV')' not found. 1 pattern(s) tried: ['stock\\-comparison/detailed_comparison/(?P<token>[^/]+)/(?P<stock_name>[^/]+)/\\Z']
[E 240615 19:08:26 views:795] API request failed: Reverse for 'detailed_comparison' with arguments '('', 'SANGHVIMOV')' not found. 1 pattern(s) tried: ['stock\\-comparison/detailed_comparison/(?P<token>[^/]+)/(?P<stock_name>[^/]+)/\\Z']
    Traceback (most recent call last):
      File "/Users/arshil.khan/Desktop/stock_comparison_project/stock_comparison_app/views.py", line 792, in generate_excel_completeness
        return render(request, 'completeness_result_stock.html', {'comparison_data': comparison_data, 'comparison_type':comparison_type})
      File "/Users/arshil.khan/Desktop/Main/venv/lib/python3.8/site-packages/django/shortcuts.py", line 24, in render
        content = loader.render_to_string(template_name, context, request, using=using)
      File "/Users/arshil.khan/Desktop/Main/venv/lib/python3.8/site-packages/django/template/loader.py", line 62, in render_to_string
        return template.render(context, request)
      File "/Users/arshil.khan/Desktop/Main/venv/lib/python3.8/site-packages/django/template/backends/django.py", line 61, in render
        return self.template.render(context)
      File "/Users/arshil.khan/Desktop/Main/venv/lib/python3.8/site-packages/django/template/base.py", line 175, in render
        return self._render(context)
      File "/Users/arshil.khan/Desktop/Main/venv/lib/python3.8/site-packages/django/template/base.py", line 167, in _render
        return self.nodelist.render(context)
      File "/Users/arshil.khan/Desktop/Main/venv/lib/python3.8/site-packages/django/template/base.py", line 1005, in render
        return SafeString("".join([node.render_annotated(context) for node in self]))
      File "/Users/arshil.khan/Desktop/Main/venv/lib/python3.8/site-packages/django/template/base.py", line 1005, in <listcomp>
        return SafeString("".join([node.render_annotated(context) for node in self]))
      File "/Users/arshil.khan/Desktop/Main/venv/lib/python3.8/site-packages/django/template/base.py", line 966, in render_annotated
        return self.render(context)
      File "/Users/arshil.khan/Desktop/Main/venv/lib/python3.8/site-packages/django/template/defaulttags.py", line 238, in render
        nodelist.append(node.render_annotated(context))
      File "/Users/arshil.khan/Desktop/Main/venv/lib/python3.8/site-packages/django/template/base.py", line 966, in render_annotated
        return self.render(context)
      File "/Users/arshil.khan/Desktop/Main/venv/lib/python3.8/site-packages/django/template/defaulttags.py", line 471, in render
        url = reverse(view_name, args=args, kwargs=kwargs, current_app=current_app)
      File "/Users/arshil.khan/Desktop/Main/venv/lib/python3.8/site-packages/django/urls/base.py", line 88, in reverse
        return resolver._reverse_with_prefix(view, prefix, *args, **kwargs)
      File "/Users/arshil.khan/Desktop/Main/venv/lib/python3.8/site-packages/django/urls/resolvers.py", line 828, in _reverse_with_prefix
        raise NoReverseMatch(msg)
    django.urls.exceptions.NoReverseMatch: Reverse for 'detailed_comparison' with arguments '('', 'SANGHVIMOV')' not found. 1 pattern(s) tried: ['stock\\-comparison/detailed_comparison/(?P<token>[^/]+)/(?P<stock_name>[^/]+)/\\Z']
[E 240615 19:10:53 views:795] API request failed: Reverse for 'detailed_comparison' with arguments '('', 'SANGHVIMOV')' not found. 1 pattern(s) tried: ['stock\\-comparison/detailed_comparison/(?P<token>[^/]+)/(?P<stock_name>[^/]+)/\\Z']
    Traceback (most recent call last):
      File "/Users/arshil.khan/Desktop/stock_comparison_project/stock_comparison_app/views.py", line 792, in generate_excel_completeness
        return render(request, 'completeness_result_stock.html', {'comparison_data': comparison_data, 'comparison_type':comparison_type})
      File "/Users/arshil.khan/Desktop/Main/venv/lib/python3.8/site-packages/django/shortcuts.py", line 24, in render
        content = loader.render_to_string(template_name, context, request, using=using)
      File "/Users/arshil.khan/Desktop/Main/venv/lib/python3.8/site-packages/django/template/loader.py", line 62, in render_to_string
        return template.render(context, request)
      File "/Users/arshil.khan/Desktop/Main/venv/lib/python3.8/site-packages/django/template/backends/django.py", line 61, in render
        return self.template.render(context)
      File "/Users/arshil.khan/Desktop/Main/venv/lib/python3.8/site-packages/django/template/base.py", line 175, in render
        return self._render(context)
      File "/Users/arshil.khan/Desktop/Main/venv/lib/python3.8/site-packages/django/template/base.py", line 167, in _render
        return self.nodelist.render(context)
      File "/Users/arshil.khan/Desktop/Main/venv/lib/python3.8/site-packages/django/template/base.py", line 1005, in render
        return SafeString("".join([node.render_annotated(context) for node in self]))
      File "/Users/arshil.khan/Desktop/Main/venv/lib/python3.8/site-packages/django/template/base.py", line 1005, in <listcomp>
        return SafeString("".join([node.render_annotated(context) for node in self]))
      File "/Users/arshil.khan/Desktop/Main/venv/lib/python3.8/site-packages/django/template/base.py", line 966, in render_annotated
        return self.render(context)
      File "/Users/arshil.khan/Desktop/Main/venv/lib/python3.8/site-packages/django/template/defaulttags.py", line 238, in render
        nodelist.append(node.render_annotated(context))
      File "/Users/arshil.khan/Desktop/Main/venv/lib/python3.8/site-packages/django/template/base.py", line 966, in render_annotated
        return self.render(context)
      File "/Users/arshil.khan/Desktop/Main/venv/lib/python3.8/site-packages/django/template/defaulttags.py", line 471, in render
        url = reverse(view_name, args=args, kwargs=kwargs, current_app=current_app)
      File "/Users/arshil.khan/Desktop/Main/venv/lib/python3.8/site-packages/django/urls/base.py", line 88, in reverse
        return resolver._reverse_with_prefix(view, prefix, *args, **kwargs)
      File "/Users/arshil.khan/Desktop/Main/venv/lib/python3.8/site-packages/django/urls/resolvers.py", line 828, in _reverse_with_prefix
        raise NoReverseMatch(msg)
    django.urls.exceptions.NoReverseMatch: Reverse for 'detailed_comparison' with arguments '('', 'SANGHVIMOV')' not found. 1 pattern(s) tried: ['stock\\-comparison/detailed_comparison/(?P<token>[^/]+)/(?P<stock_name>[^/]+)/\\Z']
